     1                                  %macro writeStr 2   
     2                                      push eax
     3                                      push ebx
     4                                      push ecx
     5                                      push edx
     6                                      mov eax, 4
     7                                      mov ebx, 1
     8                                      mov ecx, %1
     9                                      mov edx, %2
    10                                      int 0x80
    11                                      pop edx
    12                                      pop ecx
    13                                      pop ebx
    14                                      pop eax
    15                                  %endmacro
    16                                  
    17                                  %macro Write_Char 1
    18                                      mov byte[cMem], %1
    19                                      writeStr cMem, 1
    20                                  %endmacro
    21                                  
    22                                  section .data
    23 00000000 00                          cMem db 0
    24 00000001 303132333435363738-         hexchar db '0123456789ABCDEF'
    24 0000000A 39414243444546     
    25                                  section .text
    26                                      global _start
    27                                  _start:
    28 00000000 B0FA                        mov al, 250
    29 00000002 E838000000                  call WriteHex
    30                                  _exit:
    31 00000007 B801000000                  mov eax, 1
    32 0000000C CD80                        int 0x80
    33                                  Writechar:
    34                                      Write_Char al
    34 0000000E A2[00000000]        <1>  mov byte[cMem], %1
    34                              <1>  writeStr cMem, 1
    34 00000013 50                  <2>  push eax
    34 00000014 53                  <2>  push ebx
    34 00000015 51                  <2>  push ecx
    34 00000016 52                  <2>  push edx
    34 00000017 B804000000          <2>  mov eax, 4
    34 0000001C BB01000000          <2>  mov ebx, 1
    34 00000021 B9[00000000]        <2>  mov ecx, %1
    34 00000026 BA01000000          <2>  mov edx, %2
    34 0000002B CD80                <2>  int 0x80
    34 0000002D 5A                  <2>  pop edx
    34 0000002E 59                  <2>  pop ecx
    34 0000002F 5B                  <2>  pop ebx
    34 00000030 58                  <2>  pop eax
    35 00000031 C3                          ret
    36                                  WriteHexDigit:
    37 00000032 BB[01000000]                mov ebx, hexchar
    38 00000037 D7                          xlat
    39 00000038 E8D1FFFFFF                  call Writechar
    40 0000003D 5B                          pop ebx
    41 0000003E C3                          ret
    42                                  WriteHex:
    43 0000003F 52                          push edx
    44 00000040 88D0                        mov al, dl
    45 00000042 C0E804                      shr al, 4
    46 00000045 E8E8FFFFFF                  call WriteHexDigit
    47 0000004A 88C2                        mov dl, al
    48 0000004C 80E20F                      and dl, 0x0F
    49 0000004F E8DEFFFFFF                  call WriteHexDigit
    50 00000054 50                          push eax
    51 00000055 C3                          ret
